<?xml version="1.0" encoding="UTF-8"?>
<!-- Generated by org.testng.reporters.JUnitReportReporter -->
<testsuite hostname="Arpitha" failures="0" tests="1" name="Testing.Signup" time="1.791" errors="0" timestamp="2024-07-18T15:33:58 IST" skipped="0">
  <testcase classname="Testing.Signup" name="SolarflowProject" time="1.791"/>
</testsuite> <!-- Testing.Signup -->
